2015-07-26 15:32:18,036 - Log4JLogChute initialized using file 'velocity.log'
2015-07-26 15:32:18,036 - Initializing Velocity, Calling init()...
2015-07-26 15:32:18,036 - Starting Apache Velocity v1.7 (compiled: 2010-11-19 12:14:37)
2015-07-26 15:32:18,036 - Default Properties File: org\apache\velocity\runtime\defaults\velocity.properties
2015-07-26 15:32:18,036 - Trying to use logger class org.apache.velocity.runtime.log.AvalonLogChute
2015-07-26 15:32:18,037 - Target log system for org.apache.velocity.runtime.log.AvalonLogChute is not available (java.lang.NoClassDefFoundError: org/apache/log/format/Formatter).  Falling back to next log system...
2015-07-26 15:32:18,037 - Trying to use logger class org.apache.velocity.runtime.log.Log4JLogChute
2015-07-26 15:32:18,037 - Using logger class org.apache.velocity.runtime.log.Log4JLogChute
2015-07-26 15:32:18,043 - ResourceLoader instantiated: org.apache.velocity.runtime.resource.loader.ClasspathResourceLoader
2015-07-26 15:32:18,065 - ResourceCache: initialized (class org.apache.velocity.runtime.resource.ResourceCacheImpl) with class java.util.Collections$SynchronizedMap cache map.
2015-07-26 15:32:18,066 - Loaded System Directive: org.apache.velocity.runtime.directive.Stop
2015-07-26 15:32:18,067 - Loaded System Directive: org.apache.velocity.runtime.directive.Define
2015-07-26 15:32:18,068 - Loaded System Directive: org.apache.velocity.runtime.directive.Break
2015-07-26 15:32:18,069 - Loaded System Directive: org.apache.velocity.runtime.directive.Evaluate
2015-07-26 15:32:18,070 - Loaded System Directive: org.apache.velocity.runtime.directive.Literal
2015-07-26 15:32:18,071 - Loaded System Directive: org.apache.velocity.runtime.directive.Macro
2015-07-26 15:32:18,072 - Loaded System Directive: org.apache.velocity.runtime.directive.Parse
2015-07-26 15:32:18,073 - Loaded System Directive: org.apache.velocity.runtime.directive.Include
2015-07-26 15:32:18,074 - Loaded System Directive: org.apache.velocity.runtime.directive.Foreach
2015-07-26 15:32:18,113 - Created '20' parsers.
2015-07-26 15:32:18,120 - Velocimacro : "velocimacro.library" is not set.  Trying default library: VM_global_library.vm
2015-07-26 15:32:18,121 - Could not load resource 'VM_global_library.vm' from ResourceLoader org.apache.velocity.runtime.resource.loader.ClasspathResourceLoader: ClasspathResourceLoader Error: cannot find resource VM_global_library.vm
2015-07-26 15:32:18,121 - Velocimacro : Default library not found.
2015-07-26 15:32:18,121 - Velocimacro : allowInline = true : VMs can be defined inline in templates
2015-07-26 15:32:18,121 - Velocimacro : allowInlineToOverride = false : VMs defined inline may NOT replace previous VM definitions
2015-07-26 15:32:18,121 - Velocimacro : allowInlineLocal = false : VMs defined inline will be global in scope if allowed.
2015-07-26 15:32:18,121 - Velocimacro : autoload off : VM system will not automatically reload global library macros
2015-07-26 15:32:18,136 - ResourceManager : found velocity/Hello.vm with loader org.apache.velocity.runtime.resource.loader.ClasspathResourceLoader
